Traceback (most recent call last):
  File "/app/filter_server/main.py", line 67, in <module>
    application.listen(7702)
  File "/usr/local/lib64/python3.6/site-packages/tornado/web.py", line 2112, in listen
    server.listen(port, address)
  File "/usr/local/lib64/python3.6/site-packages/tornado/tcpserver.py", line 151, in listen
    sockets = bind_sockets(port, address=address)
  File "/usr/local/lib64/python3.6/site-packages/tornado/netutil.py", line 174, in bind_sockets
    sock.bind(sockaddr)
OSError: [Errno 98] Address already in use
Traceback (most recent call last):
  File "/app/filter_server/main.py", line 67, in <module>
    application.listen(7702)
  File "/usr/local/lib64/python3.6/site-packages/tornado/web.py", line 2112, in listen
    server.listen(port, address)
  File "/usr/local/lib64/python3.6/site-packages/tornado/tcpserver.py", line 151, in listen
    sockets = bind_sockets(port, address=address)
  File "/usr/local/lib64/python3.6/site-packages/tornado/netutil.py", line 174, in bind_sockets
    sock.bind(sockaddr)
OSError: [Errno 98] Address already in use
Traceback (most recent call last):
  File "/app/filter_server/main.py", line 67, in <module>
    application.listen(7702)
  File "/usr/local/lib64/python3.6/site-packages/tornado/web.py", line 2112, in listen
    server.listen(port, address)
  File "/usr/local/lib64/python3.6/site-packages/tornado/tcpserver.py", line 151, in listen
    sockets = bind_sockets(port, address=address)
  File "/usr/local/lib64/python3.6/site-packages/tornado/netutil.py", line 174, in bind_sockets
    sock.bind(sockaddr)
OSError: [Errno 98] Address already in use
Traceback (most recent call last):
  File "/app/filter_server/main.py", line 67, in <module>
    application.listen(7702)
  File "/usr/local/lib64/python3.6/site-packages/tornado/web.py", line 2112, in listen
    server.listen(port, address)
  File "/usr/local/lib64/python3.6/site-packages/tornado/tcpserver.py", line 151, in listen
    sockets = bind_sockets(port, address=address)
  File "/usr/local/lib64/python3.6/site-packages/tornado/netutil.py", line 174, in bind_sockets
    sock.bind(sockaddr)
OSError: [Errno 98] Address already in use
{'key': [b'xuke'], 'content': [b'6689188006802227720'], 'type': [b'get']}
6689188006802227720 is not existed
{'key': [b'xuke'], 'content': [b'6692244353244463619'], 'type': [b'get']}
6692244353244463619 is not existed
{'key': [b'xuke'], 'content': [b'6690323698345312771'], 'type': [b'get']}
6690323698345312771 is not existed
{'key': [b'xuke'], 'content': [b'6695632199925891591'], 'type': [b'get']}
6695632199925891591 is not existed
{'key': [b'xuke'], 'content': [b'6695150492135195148'], 'type': [b'get']}
6695150492135195148 is not existed
{'key': [b'xuke'], 'content': [b'6691821806514340365'], 'type': [b'get']}
6691821806514340365 is not existed
{'key': [b'xuke'], 'content': [b'6691871294570365443'], 'type': [b'get']}
6691871294570365443 is not existed
{'key': [b'xuke'], 'content': [b'6689146825632383495'], 'type': [b'get']}
6689146825632383495 is not existed
{'key': [b'xuke'], 'content': [b'6694501342284612103'], 'type': [b'get']}
6694501342284612103 is not existed
{'key': [b'xuke'], 'content': [b'6690314485606908429'], 'type': [b'get']}
6690314485606908429 is not existed
{'key': [b'xuke'], 'content': [b'6695553508164239883'], 'type': [b'get']}
6695553508164239883 is not existed
{'key': [b'xuke'], 'content': [b'6688938065550901768'], 'type': [b'get']}
6688938065550901768 is not existed
{'key': [b'xuke'], 'content': [b'6690718862809235976'], 'type': [b'get']}
6690718862809235976 is not existed
{'key': [b'xuke'], 'content': [b'6694912716219351559'], 'type': [b'get']}
6694912716219351559 is not existed
{'key': [b'xuke'], 'content': [b'6691640207759900931'], 'type': [b'get']}
6691640207759900931 is not existed
{'key': [b'xuke'], 'content': [b'6689708932451008781'], 'type': [b'get']}
6689708932451008781 is not existed
{'key': [b'xuke'], 'content': [b'6691513306974257667'], 'type': [b'get']}
6691513306974257667 is not existed
{'key': [b'xuke'], 'content': [b'6691897844283998734'], 'type': [b'get']}
6691897844283998734 is not existed
{'key': [b'xuke'], 'content': [b'6690389126497174024'], 'type': [b'get']}
6690389126497174024 is not existed
{'key': [b'xuke'], 'content': [b'6695544319320785411'], 'type': [b'get']}
6695544319320785411 is not existed
{'key': [b'xuke'], 'content': [b'6694907743146344963'], 'type': [b'get']}
6694907743146344963 is not existed
{'key': [b'xuke'], 'content': [b'6689644791979835911'], 'type': [b'get']}
6689644791979835911 is not existed
{'key': [b'xuke'], 'content': [b'6688938065550901768'], 'type': [b'get']}
6688938065550901768 is existed
{'key': [b'xuke'], 'content': [b'6688938065550901768'], 'type': [b'get']}
6688938065550901768 is existed
{'key': [b'xuke'], 'content': [b'6691556649020162563'], 'type': [b'get']}
6691556649020162563 is not existed
{'key': [b'xuke'], 'content': [b'6695139538412503559'], 'type': [b'get']}
6695139538412503559 is not existed
{'key': [b'xuke'], 'content': [b'6691965767761527308'], 'type': [b'get']}
6691965767761527308 is not existed
{'key': [b'xuke'], 'content': [b'6678626398652858631'], 'type': [b'get']}
6678626398652858631 is not existed
{'key': [b'xuke'], 'content': [b'6688888255728845070'], 'type': [b'get']}
6688888255728845070 is not existed
{'key': [b'xuke'], 'content': [b'6663234554213433870'], 'type': [b'get']}
6663234554213433870 is not existed
{'key': [b'xuke'], 'content': [b'6690886616103256590'], 'type': [b'get']}
6690886616103256590 is not existed
{'key': [b'xuke'], 'content': [b'6692262329595200012'], 'type': [b'get']}
6692262329595200012 is not existed
{'key': [b'xuke'], 'content': [b'6691182215780368900'], 'type': [b'get']}
6691182215780368900 is not existed
{'key': [b'xuke'], 'content': [b'6689955238868156931'], 'type': [b'get']}
6689955238868156931 is not existed
{'key': [b'xuke'], 'content': [b'6688644720295412236'], 'type': [b'get']}
6688644720295412236 is not existed
{'key': [b'xuke'], 'content': [b'6689278533144936973'], 'type': [b'get']}
6689278533144936973 is not existed
{'key': [b'xuke'], 'content': [b'6678529238657663240'], 'type': [b'get']}
6678529238657663240 is not existed
{'key': [b'xuke'], 'content': [b'6691065049198363148'], 'type': [b'get']}
6691065049198363148 is not existed
{'key': [b'xuke'], 'content': [b'6692194610321555971'], 'type': [b'get']}
6692194610321555971 is not existed
{'key': [b'xuke'], 'content': [b'6694527021654999564'], 'type': [b'get']}
6694527021654999564 is not existed
{'key': [b'xuke'], 'content': [b'6693393828834968077'], 'type': [b'get']}
6693393828834968077 is not existed
{'key': [b'xuke'], 'content': [b'6690532936904606220'], 'type': [b'get']}
6690532936904606220 is not existed
{'key': [b'xuke'], 'content': [b'6689576081445356044'], 'type': [b'get']}
6689576081445356044 is not existed
{'key': [b'xuke'], 'content': [b'6694884179059933699'], 'type': [b'get']}
6694884179059933699 is not existed
{'key': [b'xuke'], 'content': [b'6694167014203720206'], 'type': [b'get']}
6694167014203720206 is not existed
{'key': [b'xuke'], 'content': [b'6694529887673254408'], 'type': [b'get']}
6694529887673254408 is not existed
{'key': [b'xuke'], 'content': [b'6691607175749435662'], 'type': [b'get']}
6691607175749435662 is not existed
{'key': [b'xuke'], 'content': [b'6693650782383768076'], 'type': [b'get']}
6693650782383768076 is not existed
{'key': [b'xuke'], 'content': [b'6691137500091515400'], 'type': [b'get']}
6691137500091515400 is not existed
{'key': [b'xuke'], 'content': [b'6689295539156025860'], 'type': [b'get']}
6689295539156025860 is not existed
{'key': [b'xuke'], 'content': [b'6689188006802227720'], 'type': [b'get']}
6689188006802227720 is existed
{'key': [b'xuke'], 'content': [b'6692244353244463619'], 'type': [b'get']}
6692244353244463619 is existed
{'key': [b'xuke'], 'content': [b'6690323698345312771'], 'type': [b'get']}
6690323698345312771 is existed
{'key': [b'xuke'], 'content': [b'6695632199925891591'], 'type': [b'get']}
6695632199925891591 is existed
{'key': [b'xuke'], 'content': [b'6695150492135195148'], 'type': [b'get']}
6695150492135195148 is existed
{'key': [b'xuke'], 'content': [b'6691821806514340365'], 'type': [b'get']}
6691821806514340365 is existed
{'key': [b'xuke'], 'content': [b'6691871294570365443'], 'type': [b'get']}
6691871294570365443 is existed
{'key': [b'xuke'], 'content': [b'6689146825632383495'], 'type': [b'get']}
6689146825632383495 is existed
{'key': [b'xuke'], 'content': [b'6694501342284612103'], 'type': [b'get']}
6694501342284612103 is existed
{'key': [b'xuke'], 'content': [b'6690314485606908429'], 'type': [b'get']}
6690314485606908429 is existed
{'key': [b'xuke'], 'content': [b'6695553508164239883'], 'type': [b'get']}
6695553508164239883 is existed
{'key': [b'xuke'], 'content': [b'6688938065550901768'], 'type': [b'get']}
6688938065550901768 is existed
{'key': [b'xuke'], 'content': [b'6690718862809235976'], 'type': [b'get']}
6690718862809235976 is existed
{'key': [b'xuke'], 'content': [b'6694912716219351559'], 'type': [b'get']}
6694912716219351559 is existed
{'key': [b'xuke'], 'content': [b'6691640207759900931'], 'type': [b'get']}
6691640207759900931 is existed
{'key': [b'xuke'], 'content': [b'6689708932451008781'], 'type': [b'get']}
6689708932451008781 is existed
{'key': [b'xuke'], 'content': [b'6691513306974257667'], 'type': [b'get']}
6691513306974257667 is existed
{'key': [b'xuke'], 'content': [b'6691897844283998734'], 'type': [b'get']}
6691897844283998734 is existed
{'key': [b'xuke'], 'content': [b'6690389126497174024'], 'type': [b'get']}
6690389126497174024 is existed
{'key': [b'xuke'], 'content': [b'6695544319320785411'], 'type': [b'get']}
6695544319320785411 is existed
{'key': [b'xuke'], 'content': [b'6694907743146344963'], 'type': [b'get']}
6694907743146344963 is existed
{'key': [b'xuke'], 'content': [b'6689644791979835911'], 'type': [b'get']}
6689644791979835911 is existed
{'key': [b'xuke'], 'content': [b'6688938065550901768'], 'type': [b'get']}
6688938065550901768 is existed
{'key': [b'xuke'], 'content': [b'6688938065550901768'], 'type': [b'get']}
6688938065550901768 is existed
{'key': [b'xuke'], 'content': [b'6691556649020162563'], 'type': [b'get']}
6691556649020162563 is existed
{'key': [b'xuke'], 'content': [b'6695139538412503559'], 'type': [b'get']}
6695139538412503559 is existed
{'key': [b'xuke'], 'content': [b'6691965767761527308'], 'type': [b'get']}{'key': [b'xuke'], 'content': [b'6689188006802227720'], 'type': [b'get']}
6689188006802227720 is existed
{'key': [b'xuke'], 'content': [b'6692244353244463619'], 'type': [b'get']}
6692244353244463619 is existed
{'key': [b'xuke'], 'content': [b'6690323698345312771'], 'type': [b'get']}
6690323698345312771 is existed
{'key': [b'xuke'], 'content': [b'6695632199925891591'], 'type': [b'get']}
6695632199925891591 is existed
{'key': [b'xuke'], 'content': [b'6695150492135195148'], 'type': [b'get']}
6695150492135195148 is existed
{'key': [b'xuke'], 'content': [b'6691821806514340365'], 'type': [b'get']}
6691821806514340365 is existed
{'key': [b'xuke'], 'content': [b'6691871294570365443'], 'type': [b'get']}
6691871294570365443 is existed
{'key': [b'xuke'], 'content': [b'6689146825632383495'], 'type': [b'get']}
6689146825632383495 is existed
{'key': [b'xuke'], 'content': [b'6694501342284612103'], 'type': [b'get']}
6694501342284612103 is existed
{'key': [b'xuke'], 'content': [b'6690314485606908429'], 'type': [b'get']}
6690314485606908429 is existed
{'key': [b'xuke'], 'content': [b'6695553508164239883'], 'type': [b'get']}
6695553508164239883 is existed
{'key': [b'xuke'], 'content': [b'6688938065550901768'], 'type': [b'get']}
6688938065550901768 is existed
{'key': [b'xuke'], 'content': [b'6690718862809235976'], 'type': [b'get']}
6690718862809235976 is existed
{'key': [b'xuke'], 'content': [b'6694912716219351559'], 'type': [b'get']}
6694912716219351559 is existed
{'key': [b'xuke'], 'content': [b'6691640207759900931'], 'type': [b'get']}
6691640207759900931 is existed
{'key': [b'xuke'], 'content': [b'6689708932451008781'], 'type': [b'get']}
6689708932451008781 is existed
{'key': [b'xuke'], 'content': [b'6691513306974257667'], 'type': [b'get']}
6691513306974257667 is existed
{'key': [b'xuke'], 'content': [b'6691897844283998734'], 'type': [b'get']}
6691897844283998734 is existed
{'key': [b'xuke'], 'content': [b'6690389126497174024'], 'type': [b'get']}
6690389126497174024 is existed
{'key': [b'xuke'], 'content': [b'6695544319320785411'], 'type': [b'get']}
6695544319320785411 is existed
{'key': [b'xuke'], 'content': [b'6694907743146344963'], 'type': [b'get']}
6694907743146344963 is existed
{'key': [b'xuke'], 'content': [b'6689644791979835911'], 'type': [b'get']}
6689644791979835911 is existed
{'key': [b'xuke'], 'content': [b'6688938065550901768'], 'type': [b'get']}
6688938065550901768 is existed
{'key': [b'xuke'], 'content': [b'6688938065550901768'], 'type': [b'get']}
6688938065550901768 is existed
{'key': [b'xuke'], 'content': [b'6691556649020162563'], 'type': [b'get']}
6691556649020162563 is existed
{'key': [b'xuke'], 'content': [b'6695139538412503559'], 'type': [b'get']}
6695139538412503559 is existed
{'key': [b'xuke'], 'content': [b'6691965767761527308'], 'type': [b'get']}
6691965767761527308 is existed
{'key': [b'xuke'], 'content': [b'6678626398652858631'], 'type': [b'get']}
6678626398652858631 is existed
{'key': [b'xuke'], 'content': [b'6688888255728845070'], 'type': [b'get']}
6688888255728845070 is existed
{'key': [b'xuke'], 'content': [b'6663234554213433870'], 'type': [b'get']}
6663234554213433870 is existed
{'key': [b'xuke'], 'content': [b'6690886616103256590'], 'type': [b'get']}
6690886616103256590 is existed
{'key': [b'xuke'], 'content': [b'6692262329595200012'], 'type': [b'get']}
6692262329595200012 is existed
{'key': [b'xuke'], 'content': [b'6691182215780368900'], 'type': [b'get']}
6691182215780368900 is existed
{'key': [b'xuke'], 'content': [b'6689955238868156931'], 'type': [b'get']}
6689955238868156931 is existed
{'key': [b'xuke'], 'content': [b'6688644720295412236'], 'type': [b'get']}
6688644720295412236 is existed
{'key': [b'xuke'], 'content': [b'6689278533144936973'], 'type': [b'get']}
6689278533144936973 is existed
{'key': [b'xuke'], 'content': [b'6678529238657663240'], 'type': [b'get']}
6678529238657663240 is existed
{'key': [b'xuke'], 'content': [b'6691065049198363148'], 'type': [b'get']}
6691065049198363148 is existed
{'key': [b'xuke'], 'content': [b'6692194610321555971'], 'type': [b'get']}
6692194610321555971 is existed
{'key': [b'xuke'], 'content': [b'6694527021654999564'], 'type': [b'get']}
6694527021654999564 is existed
{'key': [b'xuke'], 'content': [b'6694182592217874701'], 'type': [b'get']}
6694182592217874701 is not existed
{'key': [b'xuke'], 'content': [b'6693717150252663303'], 'type': [b'get']}
6693717150252663303 is not existed
{'key': [b'xuke'], 'content': [b'6691421148871131652'], 'type': [b'get']}
6691421148871131652 is not existed
{'key': [b'xuke'], 'content': [b'6691953008873308686'], 'type': [b'get']}
6691953008873308686 is not existed
{'key': [b'xuke'], 'content': [b'6692362086854427148'], 'type': [b'get']}
6692362086854427148 is not existed
{'key': [b'xuke'], 'content': [b'6693466592702890509'], 'type': [b'get']}
6693466592702890509 is not existed
{'key': [b'xuke'], 'content': [b'6692625492782088455'], 'type': [b'get']}
6692625492782088455 is not existed
{'key': [b'xuke'], 'content': [b'6692244716081119755'], 'type': [b'get']}
6692244716081119755 is not existed
{'key': [b'xuke'], 'content': [b'6690686069735686660'], 'type': [b'get']}
6690686069735686660 is not existed
{'key': [b'xuke'], 'content': [b'6690855320136188430'], 'type': [b'get']}
6690855320136188430 is not existed
{'key': [b'xuke'], 'content': [b'6689188006802227720'], 'type': [b'get']}
6689188006802227720 is existed
{'key': [b'xuke'], 'content': [b'6692244353244463619'], 'type': [b'get']}
6692244353244463619 is existed
{'key': [b'xuke'], 'content': [b'6690323698345312771'], 'type': [b'get']}
6690323698345312771 is existed
{'key': [b'xuke'], 'content': [b'6695632199925891591'], 'type': [b'get']}
6695632199925891591 is existed
{'key': [b'xuke'], 'content': [b'6695150492135195148'], 'type': [b'get']}
6695150492135195148 is existed
{'key': [b'xuke'], 'content': [b'6691821806514340365'], 'type': [b'get']}
6691821806514340365 is existed
{'key': [b'xuke'], 'content': [b'6691871294570365443'], 'type': [b'get']}
6691871294570365443 is existed
{'key': [b'xuke'], 'content': [b'6689146825632383495'], 'type': [b'get']}
6689146825632383495 is existed
{'key': [b'xuke'], 'content': [b'6694501342284612103'], 'type': [b'get']}
6694501342284612103 is existed
{'key': [b'xuke'], 'content': [b'6690314485606908429'], 'type': [b'get']}
6690314485606908429 is existed
{'key': [b'xuke'], 'content': [b'6695553508164239883'], 'type': [b'get']}
6695553508164239883 is existed
{'key': [b'xuke'], 'content': [b'6688938065550901768'], 'type': [b'get']}
6688938065550901768 is existed
{'key': [b'xuke'], 'content': [b'6690718862809235976'], 'type': [b'get']}
6690718862809235976 is existed
{'key': [b'xuke'], 'content': [b'6694912716219351559'], 'type': [b'get']}
6694912716219351559 is existed
{'key': [b'xuke'], 'content': [b'6691640207759900931'], 'type': [b'get']}
6691640207759900931 is existed
{'key': [b'xuke'], 'content': [b'6689708932451008781'], 'type': [b'get']}
6689708932451008781 is existed
{'key': [b'xuke'], 'content': [b'6691513306974257667'], 'type': [b'get']}
6691513306974257667 is existed
{'key': [b'xuke'], 'content': [b'6691897844283998734'], 'type': [b'get']}
6691897844283998734 is existed
{'key': [b'xuke'], 'content': [b'6690389126497174024'], 'type': [b'get']}
6690389126497174024 is existed
{'key': [b'xuke'], 'content': [b'6695544319320785411'], 'type': [b'get']}
6695544319320785411 is existed
{'key': [b'xuke'], 'content': [b'6694907743146344963'], 'type': [b'get']}
6694907743146344963 is existed
{'key': [b'xuke'], 'content': [b'6689644791979835911'], 'type': [b'get']}
6689644791979835911 is existed
{'key': [b'xuke'], 'content': [b'6688938065550901768'], 'type': [b'get']}
6688938065550901768 is existed
{'key': [b'xuke'], 'content': [b'6688938065550901768'], 'type': [b'get']}
6688938065550901768 is existed
{'key': [b'xuke'], 'content': [b'6691556649020162563'], 'type': [b'get']}
6691556649020162563 is existed
{'key': [b'xuke'], 'content': [b'6695139538412503559'], 'type': [b'get']}
6695139538412503559 is existed
{'key': [b'xuke'], 'content': [b'6691965767761527308'], 'type': [b'get']}
6691965767761527308 is existed
{'key': [b'xuke'], 'content': [b'6678626398652858631'], 'type': [b'get']}
6678626398652858631 is existed
{'key': [b'xuke'], 'content': [b'6688888255728845070'], 'type': [b'get']}
6688888255728845070 is existed
{'key': [b'xuke'], 'content': [b'6663234554213433870'], 'type': [b'get']}
6663234554213433870 is existed
{'key': [b'xuke'], 'content': [b'6690886616103256590'], 'type': [b'get']}
6690886616103256590 is existed
{'key': [b'xuke'], 'content': [b'6692262329595200012'], 'type': [b'get']}
6692262329595200012 is existed
{'key': [b'xuke'], 'content': [b'6691182215780368900'], 'type': [b'get']}
6691182215780368900 is existed
{'key': [b'xuke'], 'content': [b'6689955238868156931'], 'type': [b'get']}
6689955238868156931 is existed
{'key': [b'xuke'], 'content': [b'6688644720295412236'], 'type': [b'get']}
6688644720295412236 is existed
{'key': [b'xuke'], 'content': [b'6689278533144936973'], 'type': [b'get']}
6689278533144936973 is existed
{'key': [b'xuke'], 'content': [b'6678529238657663240'], 'type': [b'get']}
6678529238657663240 is existed
{'key': [b'xuke'], 'content': [b'6691065049198363148'], 'type': [b'get']}
6691065049198363148 is existed
{'key': [b'xuke'], 'content': [b'6692194610321555971'], 'type': [b'get']}
6692194610321555971 is existed
{'key': [b'xuke'], 'content': [b'6694527021654999564'], 'type': [b'get']}
6694527021654999564 is existed
{'key': [b'xuke'], 'content': [b'6694124803902669315'], 'type': [b'get']}
6694124803902669315 is not existed
{'key': [b'xuke'], 'content': [b'6691425334820078083'], 'type': [b'get']}
6691425334820078083 is not existed
{'key': [b'xuke'], 'content': [b'6691205533417865732'], 'type': [b'get']}
6691205533417865732 is not existed
{'key': [b'xuke'], 'content': [b'6690305699613769997'], 'type': [b'get']}
6690305699613769997 is not existed
{'key': [b'xuke'], 'content': [b'6692154172881502731'], 'type': [b'get']}
6692154172881502731 is not existed
{'key': [b'xuke'], 'content': [b'6693769822737531400'], 'type': [b'get']}
6693769822737531400 is not existed
{'key': [b'xuke'], 'content': [b'6694959042114093580'], 'type': [b'get']}
6694959042114093580 is not existed
{'key': [b'xuke'], 'content': [b'6692296532504347150'], 'type': [b'get']}
6692296532504347150 is not existed
{'key': [b'xuke'], 'content': [b'6694481283419996675'], 'type': [b'get']}
6694481283419996675 is not existed
{'key': [b'xuke'], 'content': [b'6694580249235030536'], 'type': [b'get']}
6694580249235030536 is not existed
{'key': [b'xuke'], 'content': [b'6689188006802227720'], 'type': [b'get']}
6689188006802227720 is existed
{'key': [b'xuke'], 'content': [b'6692244353244463619'], 'type': [b'get']}
6692244353244463619 is existed
{'key': [b'xuke'], 'content': [b'6690323698345312771'], 'type': [b'get']}
6690323698345312771 is existed
{'key': [b'xuke'], 'content': [b'6695632199925891591'], 'type': [b'get']}
6695632199925891591 is existed
{'key': [b'xuke'], 'content': [b'6695150492135195148'], 'type': [b'get']}
6695150492135195148 is existed
{'key': [b'xuke'], 'content': [b'6691821806514340365'], 'type': [b'get']}
6691821806514340365 is existed
{'key': [b'xuke'], 'content': [b'6691871294570365443'], 'type': [b'get']}
6691871294570365443 is existed
{'key': [b'xuke'], 'content': [b'6689146825632383495'], 'type': [b'get']}
6689146825632383495 is existed
{'key': [b'xuke'], 'content': [b'6694501342284612103'], 'type': [b'get']}
6694501342284612103 is existed
{'key': [b'xuke'], 'content': [b'6690314485606908429'], 'type': [b'get']}
6690314485606908429 is existed
{'key': [b'xuke'], 'content': [b'6695553508164239883'], 'type': [b'get']}
6695553508164239883 is existed
{'key': [b'xuke'], 'content': [b'6688938065550901768'], 'type': [b'get']}
6688938065550901768 is existed
{'key': [b'xuke'], 'content': [b'6690718862809235976'], 'type': [b'get']}
6690718862809235976 is existed
{'key': [b'xuke'], 'content': [b'6694912716219351559'], 'type': [b'get']}
6694912716219351559 is existed
{'key': [b'xuke'], 'content': [b'6691640207759900931'], 'type': [b'get']}
6691640207759900931 is existed
{'key': [b'xuke'], 'content': [b'6689708932451008781'], 'type': [b'get']}
6689708932451008781 is existed
{'key': [b'xuke'], 'content': [b'6691513306974257667'], 'type': [b'get']}
6691513306974257667 is existed
{'key': [b'xuke'], 'content': [b'6691897844283998734'], 'type': [b'get']}
6691897844283998734 is existed
{'key': [b'xuke'], 'content': [b'6690389126497174024'], 'type': [b'get']}
6690389126497174024 is existed
{'key': [b'xuke'], 'content': [b'6695544319320785411'], 'type': [b'get']}
6695544319320785411 is existed
{'key': [b'xuke'], 'content': [b'6694907743146344963'], 'type': [b'get']}
6694907743146344963 is existed
{'key': [b'xuke'], 'content': [b'6689644791979835911'], 'type': [b'get']}
6689644791979835911 is existed
{'key': [b'xuke'], 'content': [b'6688938065550901768'], 'type': [b'get']}
6688938065550901768 is existed
{'key': [b'xuke'], 'content': [b'6688938065550901768'], 'type': [b'get']}
6688938065550901768 is existed
{'key': [b'xuke'], 'content': [b'6691556649020162563'], 'type': [b'get']}
6691556649020162563 is existed
{'key': [b'xuke'], 'content': [b'6695139538412503559'], 'type': [b'get']}
6695139538412503559 is existed
{'key': [b'xuke'], 'content': [b'6691965767761527308'], 'type': [b'get']}
6691965767761527308 is existed
{'key': [b'xuke'], 'content': [b'6678626398652858631'], 'type': [b'get']}
6678626398652858631 is existed
{'key': [b'xuke'], 'content': [b'6688888255728845070'], 'type': [b'get']}
6688888255728845070 is existed
{'key': [b'xuke'], 'content': [b'6663234554213433870'], 'type': [b'get']}
6663234554213433870 is existed
{'key': [b'xuke'], 'content': [b'6690886616103256590'], 'type': [b'get']}
6690886616103256590 is existed
{'key': [b'xuke'], 'content': [b'6692262329595200012'], 'type': [b'get']}
6692262329595200012 is existed
{'key': [b'xuke'], 'content': [b'6691182215780368900'], 'type': [b'get']}
6691182215780368900 is existed
{'key': [b'xuke'], 'content': [b'6689955238868156931'], 'type': [b'get']}
6689955238868156931 is existed
{'key': [b'xuke'], 'content': [b'6688644720295412236'], 'type': [b'get']}
6688644720295412236 is existed
{'key': [b'xuke'], 'content': [b'6689278533144936973'], 'type': [b'get']}
6689278533144936973 is existed
{'key': [b'xuke'], 'content': [b'6678529238657663240'], 'type': [b'get']}
6678529238657663240 is existed
{'key': [b'xuke'], 'content': [b'6691065049198363148'], 'type': [b'get']}
6691065049198363148 is existed
{'key': [b'xuke'], 'content': [b'6692194610321555971'], 'type': [b'get']}
6692194610321555971 is existed
{'key': [b'xuke'], 'content': [b'6694527021654999564'], 'type': [b'get']}
6694527021654999564 is existed
{'key': [b'xuke'], 'content': [b'6691818389192573444'], 'type': [b'get']}
6691818389192573444 is not existed
{'key': [b'xuke'], 'content': [b'6694548424160706819'], 'type': [b'get']}
6694548424160706819 is not existed
{'key': [b'xuke'], 'content': [b'6691571395295445515'], 'type': [b'get']}
6691571395295445515 is not existed
{'key': [b'xuke'], 'content': [b'6691073758465098253'], 'type': [b'get']}
6691073758465098253 is not existed
{'key': [b'xuke'], 'content': [b'6689310713648775692'], 'type': [b'get']}
6689310713648775692 is not existed
{'key': [b'xuke'], 'content': [b'6694207418148061710'], 'type': [b'get']}
6694207418148061710 is not existed
{'key': [b'xuke'], 'content': [b'6691084444180152846'], 'type': [b'get']}
6691084444180152846 is not existed
{'key': [b'xuke'], 'content': [b'6690442877740253699'], 'type': [b'get']}
6690442877740253699 is not existed
{'key': [b'xuke'], 'content': [b'6690415278196523531'], 'type': [b'get']}
6690415278196523531 is not existed
{'key': [b'xuke'], 'content': [b'6693866201216451080'], 'type': [b'get']}
6693866201216451080 is not existed
{'key': [b'xuke'], 'content': [b'6689217620941472263'], 'type': [b'get']}
6689217620941472263 is not existed
{'key': [b'xuke'], 'content': [b'6693712330959618568'], 'type': [b'get']}
6693712330959618568 is not existed
{'key': [b'xuke'], 'content': [b'6690056351143428619'], 'type': [b'get']}
6690056351143428619 is not existed
{'key': [b'xuke'], 'content': [b'6692705442369372675'], 'type': [b'get']}
6692705442369372675 is not existed
{'key': [b'xuke'], 'content': [b'6693990687605522695'], 'type': [b'get']}
6693990687605522695 is not existed
{'key': [b'xuke'], 'content': [b'6689294595144024584'], 'type': [b'get']}
6689294595144024584 is not existed
{'key': [b'xuke'], 'content': [b'6694033649232249096'], 'type': [b'get']}
6694033649232249096 is not existed
{'key': [b'xuke'], 'content': [b'6694238370085732868'], 'type': [b'get']}
6694238370085732868 is not existed
{'key': [b'xuke'], 'content': [b'6687828477447504141'], 'type': [b'get']}
6687828477447504141 is not existed
{'key': [b'xuke'], 'content': [b'6694993714193891847'], 'type': [b'get']}
6694993714193891847 is not existed
{'key': [b'xuke'], 'content': [b'6693159176597668366'], 'type': [b'get']}
6693159176597668366 is not existed
{'key': [b'xuke'], 'content': [b'6688936779912839683'], 'type': [b'get']}
6688936779912839683 is not existed
{'key': [b'xuke'], 'content': [b'6694103207242629646'], 'type': [b'get']}
6694103207242629646 is not existed
{'key': [b'xuke'], 'content': [b'6663033256834761228'], 'type': [b'get']}
6663033256834761228 is not existed
{'key': [b'xuke'], 'content': [b'6689387536025911819'], 'type': [b'get']}
6689387536025911819 is not existed
{'key': [b'xuke'], 'content': [b'6692948200162066957'], 'type': [b'get']}
6692948200162066957 is not existed
{'key': [b'xuke'], 'content': [b'6688939746430812429'], 'type': [b'get']}
6688939746430812429 is not existed
{'key': [b'xuke'], 'content': [b'6689535773168894475'], 'type': [b'get']}
6689535773168894475 is not existed
{'key': [b'xuke'], 'content': [b'6691550656961970691'], 'type': [b'get']}
6691550656961970691 is not existed
{'key': [b'xuke'], 'content': [b'6691534517825438215'], 'type': [b'get']}
6691534517825438215 is not existed
{'key': [b'xuke'], 'content': [b'6692954057406939655'], 'type': [b'get']}
6692954057406939655 is not existed
{'key': [b'xuke'], 'content': [b'6689657043915112968'], 'type': [b'get']}
6689657043915112968 is not existed
{'key': [b'xuke'], 'content': [b'6692702417701569035'], 'type': [b'get']}
6692702417701569035 is not existed
{'key': [b'xuke'], 'content': [b'6692022017954152974'], 'type': [b'get']}
6692022017954152974 is not existed
{'key': [b'xuke'], 'content': [b'6687856085165933064'], 'type': [b'get']}
6687856085165933064 is not existed
{'key': [b'xuke'], 'content': [b'6692026062987067908'], 'type': [b'get']}
6692026062987067908 is not existed
{'key': [b'xuke'], 'content': [b'6693322893561954819'], 'type': [b'get']}
6693322893561954819 is not existed
{'key': [b'xuke'], 'content': [b'6689957815278109191'], 'type': [b'get']}
6689957815278109191 is not existed
{'key': [b'xuke'], 'content': [b'1633011579635715'], 'type': [b'get']}
1633011579635715 is not existed
{'key': [b'xuke'], 'content': [b'6691511505885594125'], 'type': [b'get']}
6691511505885594125 is not existed
{'key': [b'xuke'], 'content': [b'6695915360366887436'], 'type': [b'get']}
6695915360366887436 is not existed
{'key': [b'xuke'], 'content': [b'6689973979848901134'], 'type': [b'get']}
6689973979848901134 is not existed
{'key': [b'xuke'], 'content': [b'6695485546656956931'], 'type': [b'get']}
6695485546656956931 is not existed
{'key': [b'xuke'], 'content': [b'6689619861418541582'], 'type': [b'get']}
6689619861418541582 is not existed
{'key': [b'xuke'], 'content': [b'6692175653485150734'], 'type': [b'get']}
6692175653485150734 is not existed
{'key': [b'xuke'], 'content': [b'6695567835927675404'], 'type': [b'get']}
6695567835927675404 is not existed
{'key': [b'xuke'], 'content': [b'6695907941922374147'], 'type': [b'get']}
6695907941922374147 is not existed
{'key': [b'xuke'], 'content': [b'6693703732720304652'], 'type': [b'get']}
6693703732720304652 is not existed
{'key': [b'xuke'], 'content': [b'6690454458293289479'], 'type': [b'get']}
6690454458293289479 is not existed
{'key': [b'xuke'], 'content': [b'6691049667695739406'], 'type': [b'get']}
6691049667695739406 is not existed
{'key': [b'xuke'], 'content': [b'6692521429256110599'], 'type': [b'get']}
6692521429256110599 is not existed
{'key': [b'xuke'], 'content': [b'6695531125734900228'], 'type': [b'get']}
6695531125734900228 is not existed
{'key': [b'xuke'], 'content': [b'6688970922679861774'], 'type': [b'get']}
6688970922679861774 is not existed
{'key': [b'xuke'], 'content': [b'6689035487610405389'], 'type': [b'get']}
6689035487610405389 is not existed
{'key': [b'xuke'], 'content': [b'6695681149978542595'], 'type': [b'get']}
6695681149978542595 is not existed
{'key': [b'xuke'], 'content': [b'6690486514339545607'], 'type': [b'get']}
6690486514339545607 is not existed
{'key': [b'xuke'], 'content': [b'6690398713799508483'], 'type': [b'get']}
6690398713799508483 is not existed
{'key': [b'xuke'], 'content': [b'6690653823330943495'], 'type': [b'get']}
6690653823330943495 is not existed
{'key': [b'xuke'], 'content': [b'6693729419472667147'], 'type': [b'get']}
6693729419472667147 is not existed
{'key': [b'xuke'], 'content': [b'6691437589024473356'], 'type': [b'get']}
6691437589024473356 is not existed
{'key': [b'xuke'], 'content': [b'6689217620941472263'], 'type': [b'get']}
6689217620941472263 is not existed
{'key': [b'xuke'], 'content': [b'6693712330959618568'], 'type': [b'get']}
6693712330959618568 is not existed
{'key': [b'xuke'], 'content': [b'6690056351143428619'], 'type': [b'get']}
6690056351143428619 is not existed
{'key': [b'xuke'], 'content': [b'6692705442369372675'], 'type': [b'get']}
6692705442369372675 is not existed
{'key': [b'xuke'], 'content': [b'6693990687605522695'], 'type': [b'get']}
6693990687605522695 is not existed
{'key': [b'xuke'], 'content': [b'6689294595144024584'], 'type': [b'get']}
6689294595144024584 is not existed
{'key': [b'xuke'], 'content': [b'6694033649232249096'], 'type': [b'get']}
6694033649232249096 is not existed
{'key': [b'xuke'], 'content': [b'6694238370085732868'], 'type': [b'get']}
6694238370085732868 is not existed
{'key': [b'xuke'], 'content': [b'6687828477447504141'], 'type': [b'get']}
6687828477447504141 is not existed
{'key': [b'xuke'], 'content': [b'6694993714193891847'], 'type': [b'get']}
6694993714193891847 is not existed
{'key': [b'xuke'], 'content': [b'6693159176597668366'], 'type': [b'get']}
6693159176597668366 is not existed
{'key': [b'xuke'], 'content': [b'6688936779912839683'], 'type': [b'get']}
6688936779912839683 is not existed
{'key': [b'xuke'], 'content': [b'6694103207242629646'], 'type': [b'get']}
6694103207242629646 is not existed
{'key': [b'xuke'], 'content': [b'6663033256834761228'], 'type': [b'get']}
6663033256834761228 is not existed
{'key': [b'xuke'], 'content': [b'6689387536025911819'], 'type': [b'get']}
6689387536025911819 is not existed
{'key': [b'xuke'], 'content': [b'6692948200162066957'], 'type': [b'get']}
6692948200162066957 is not existed
{'key': [b'xuke'], 'content': [b'6688939746430812429'], 'type': [b'get']}
6688939746430812429 is not existed
{'key': [b'xuke'], 'content': [b'6689535773168894475'], 'type': [b'get']}
6689535773168894475 is not existed
{'key': [b'xuke'], 'content': [b'6691550656961970691'], 'type': [b'get']}
6691550656961970691 is not existed
{'key': [b'xuke'], 'content': [b'6691534517825438215'], 'type': [b'get']}
6691534517825438215 is not existed
{'key': [b'xuke'], 'content': [b'6692954057406939655'], 'type': [b'get']}
6692954057406939655 is not existed
{'key': [b'xuke'], 'content': [b'6689657043915112968'], 'type': [b'get']}
6689657043915112968 is not existed
{'key': [b'xuke'], 'content': [b'6692702417701569035'], 'type': [b'get']}
6692702417701569035 is not existed
{'key': [b'xuke'], 'content': [b'6692022017954152974'], 'type': [b'get']}
6692022017954152974 is not existed
{'key': [b'xuke'], 'content': [b'6687856085165933064'], 'type': [b'get']}
6687856085165933064 is not existed
{'key': [b'xuke'], 'content': [b'6692026062987067908'], 'type': [b'get']}
6692026062987067908 is not existed
{'key': [b'xuke'], 'content': [b'6693322893561954819'], 'type': [b'get']}
6693322893561954819 is not existed
{'key': [b'xuke'], 'content': [b'6689957815278109191'], 'type': [b'get']}
6689957815278109191 is not existed
{'key': [b'xuke'], 'content': [b'1633011579635715'], 'type': [b'get']}
1633011579635715 is not existed
{'key': [b'xuke'], 'content': [b'6691511505885594125'], 'type': [b'get']}
6691511505885594125 is not existed
{'key': [b'xuke'], 'content': [b'6695915360366887436'], 'type': [b'get']}
6695915360366887436 is not existed
{'key': [b'xuke'], 'content': [b'6689973979848901134'], 'type': [b'get']}
6689973979848901134 is not existed
{'key': [b'xuke'], 'content': [b'6695485546656956931'], 'type': [b'get']}
6695485546656956931 is not existed
{'key': [b'xuke'], 'content': [b'6689619861418541582'], 'type': [b'get']}
6689619861418541582 is not existed
{'key': [b'xuke'], 'content': [b'6692175653485150734'], 'type': [b'get']}
6692175653485150734 is not existed
{'key': [b'xuke'], 'content': [b'6695567835927675404'], 'type': [b'get']}
6695567835927675404 is not existed
{'key': [b'xuke'], 'content': [b'6695907941922374147'], 'type': [b'get']}
6695907941922374147 is not existed
{'key': [b'xuke'], 'content': [b'6693703732720304652'], 'type': [b'get']}
6693703732720304652 is not existed
{'key': [b'xuke'], 'content': [b'6690454458293289479'], 'type': [b'get']}
6690454458293289479 is not existed
{'key': [b'xuke'], 'content': [b'6691049667695739406'], 'type': [b'get']}
6691049667695739406 is not existed
{'key': [b'xuke'], 'content': [b'6690135749934711051'], 'type': [b'get']}
6690135749934711051 is not existed
{'key': [b'xuke'], 'content': [b'6694658155458068999'], 'type': [b'get']}
6694658155458068999 is not existed
{'key': [b'xuke'], 'content': [b'6692193583732113668'], 'type': [b'get']}
6692193583732113668 is not existed
{'key': [b'xuke'], 'content': [b'6692197525287338504'], 'type': [b'get']}
6692197525287338504 is not existed
{'key': [b'xuke'], 'content': [b'6688959169933869581'], 'type': [b'get']}
6688959169933869581 is not existed
{'key': [b'xuke'], 'content': [b'6691438207579456013'], 'type': [b'get']}
6691438207579456013 is not existed
{'key': [b'xuke'], 'content': [b'6672949567819874819'], 'type': [b'get']}
6672949567819874819 is not existed
{'key': [b'xuke'], 'content': [b'6692203022535098887'], 'type': [b'get']}
6692203022535098887 is not existed
{'key': [b'xuke'], 'content': [b'6693366552558830088'], 'type': [b'get']}
6693366552558830088 is not existed
{'key': [b'xuke'], 'content': [b'6693284712758116872'], 'type': [b'get']}
6693284712758116872 is not existed
{'key': [b'xuke'], 'content': [b'6689217620941472263'], 'type': [b'get']}
6689217620941472263 is not existed
{'key': [b'xuke'], 'content': [b'6693712330959618568'], 'type': [b'get']}
6693712330959618568 is not existed
{'key': [b'xuke'], 'content': [b'6690056351143428619'], 'type': [b'get']}
6690056351143428619 is not existed
{'key': [b'xuke'], 'content': [b'6692705442369372675'], 'type': [b'get']}
6692705442369372675 is not existed
{'key': [b'xuke'], 'content': [b'6693990687605522695'], 'type': [b'get']}
6693990687605522695 is not existed
{'key': [b'xuke'], 'content': [b'6689294595144024584'], 'type': [b'get']}
6689294595144024584 is not existed
{'key': [b'xuke'], 'content': [b'6694033649232249096'], 'type': [b'get']}
6694033649232249096 is not existed
{'key': [b'xuke'], 'content': [b'6694238370085732868'], 'type': [b'get']}
6694238370085732868 is not existed
{'key': [b'xuke'], 'content': [b'6687828477447504141'], 'type': [b'get']}
6687828477447504141 is not existed
{'key': [b'xuke'], 'content': [b'6694993714193891847'], 'type': [b'get']}
6694993714193891847 is not existed
{'key': [b'xuke'], 'content': [b'6693159176597668366'], 'type': [b'get']}
6693159176597668366 is not existed
{'key': [b'xuke'], 'content': [b'6688936779912839683'], 'type': [b'get']}
6688936779912839683 is not existed
{'key': [b'xuke'], 'content': [b'6694103207242629646'], 'type': [b'get']}
6694103207242629646 is not existed
{'key': [b'xuke'], 'content': [b'6663033256834761228'], 'type': [b'get']}
6663033256834761228 is not existed
{'key': [b'xuke'], 'content': [b'6689387536025911819'], 'type': [b'get']}
6689387536025911819 is not existed
{'key': [b'xuke'], 'content': [b'6692948200162066957'], 'type': [b'get']}
6692948200162066957 is not existed
{'key': [b'xuke'], 'content': [b'6688939746430812429'], 'type': [b'get']}
6688939746430812429 is not existed
{'key': [b'xuke'], 'content': [b'6689535773168894475'], 'type': [b'get']}
6689535773168894475 is not existed
{'key': [b'xuke'], 'content': [b'6691550656961970691'], 'type': [b'get']}
6691550656961970691 is not existed
{'key': [b'xuke'], 'content': [b'6691534517825438215'], 'type': [b'get']}
6691534517825438215 is not existed
{'key': [b'xuke'], 'content': [b'6692954057406939655'], 'type': [b'get']}
6692954057406939655 is not existed
{'key': [b'xuke'], 'content': [b'6689657043915112968'], 'type': [b'get']}
6689657043915112968 is not existed
{'key': [b'xuke'], 'content': [b'6692702417701569035'], 'type': [b'get']}
6692702417701569035 is not existed
{'key': [b'xuke'], 'content': [b'6692022017954152974'], 'type': [b'get']}
6692022017954152974 is not existed
{'key': [b'xuke'], 'content': [b'6687856085165933064'], 'type': [b'get']}
6687856085165933064 is not existed
{'key': [b'xuke'], 'content': [b'6692026062987067908'], 'type': [b'get']}
6692026062987067908 is not existed
{'key': [b'xuke'], 'content': [b'6693322893561954819'], 'type': [b'get']}
6693322893561954819 is not existed
{'key': [b'xuke'], 'content': [b'6689957815278109191'], 'type': [b'get']}
6689957815278109191 is not existed
{'key': [b'xuke'], 'content': [b'1633011579635715'], 'type': [b'get']}
1633011579635715 is not existed
{'key': [b'xuke'], 'content': [b'6691511505885594125'], 'type': [b'get']}
6691511505885594125 is not existed
{'key': [b'xuke'], 'content': [b'6695915360366887436'], 'type': [b'get']}
6695915360366887436 is not existed
{'key': [b'xuke'], 'content': [b'6689973979848901134'], 'type': [b'get']}
6689973979848901134 is not existed
{'key': [b'xuke'], 'content': [b'6695485546656956931'], 'type': [b'get']}
6695485546656956931 is not existed
{'key': [b'xuke'], 'content': [b'6689619861418541582'], 'type': [b'get']}
6689619861418541582 is not existed
{'key': [b'xuke'], 'content': [b'6692175653485150734'], 'type': [b'get']}
6692175653485150734 is not existed
{'key': [b'xuke'], 'content': [b'6695567835927675404'], 'type': [b'get']}
6695567835927675404 is not existed
{'key': [b'xuke'], 'content': [b'6695907941922374147'], 'type': [b'get']}
6695907941922374147 is not existed
{'key': [b'xuke'], 'content': [b'6693703732720304652'], 'type': [b'get']}
6693703732720304652 is not existed
{'key': [b'xuke'], 'content': [b'6690454458293289479'], 'type': [b'get']}
6690454458293289479 is not existed
{'key': [b'xuke'], 'content': [b'6691049667695739406'], 'type': [b'get']}
6691049667695739406 is not existed
{'key': [b'xuke'], 'content': [b'6693443857637442055'], 'type': [b'get']}
6693443857637442055 is not existed
{'key': [b'xuke'], 'content': [b'6693039549280420359'], 'type': [b'get']}
6693039549280420359 is not existed
{'key': [b'xuke'], 'content': [b'6681501624793301259'], 'type': [b'get']}
6681501624793301259 is not existed
{'key': [b'xuke'], 'content': [b'6691533020551184899'], 'type': [b'get']}
6691533020551184899 is not existed
{'key': [b'xuke'], 'content': [b'6690772322451718664'], 'type': [b'get']}
6690772322451718664 is not existed
{'key': [b'xuke'], 'content': [b'6692319300918706696'], 'type': [b'get']}
6692319300918706696 is not existed
{'key': [b'xuke'], 'content': [b'6694836681272459784'], 'type': [b'get']}
6694836681272459784 is not existed
{'key': [b'xuke'], 'content': [b'6695642370555249159'], 'type': [b'get']}
6695642370555249159 is not existed
{'key': [b'xuke'], 'content': [b'6664777127826555403'], 'type': [b'get']}
6664777127826555403 is not existed
{'key': [b'xuke'], 'content': [b'6689238468733698564'], 'type': [b'get']}
6689238468733698564 is not existed
{'key': [b'xuke'], 'content': [b'6688988201069052424'], 'type': [b'get']}
6688988201069052424 is not existed
{'key': [b'xuke'], 'content': [b'6689735867650539789'], 'type': [b'get']}
6689735867650539789 is not existed
{'key': [b'xuke'], 'content': [b'6693029684298383876'], 'type': [b'get']}
6693029684298383876 is not existed
{'key': [b'xuke'], 'content': [b'6690949101921501699'], 'type': [b'get']}
6690949101921501699 is not existed
{'key': [b'xuke'], 'content': [b'6693375968238633485'], 'type': [b'get']}
6693375968238633485 is not existed
{'key': [b'xuke'], 'content': [b'6690705312187417099'], 'type': [b'get']}
6690705312187417099 is not existed
{'key': [b'xuke'], 'content': [b'6692296189989093899'], 'type': [b'get']}
6692296189989093899 is not existed
{'key': [b'xuke'], 'content': [b'6689657735446790667'], 'type': [b'get']}
6689657735446790667 is not existed
{'key': [b'xuke'], 'content': [b'6691943183451947524'], 'type': [b'get']}
6691943183451947524 is not existed
{'key': [b'xuke'], 'content': [b'6693270929205625101'], 'type': [b'get']}
6693270929205625101 is not existed
{'key': [b'xuke'], 'content': [b'6689225626848592387'], 'type': [b'get']}
6689225626848592387 is not existed
{'key': [b'xuke'], 'content': [b'6693506752974946827'], 'type': [b'get']}
6693506752974946827 is not existed
{'key': [b'xuke'], 'content': [b'6690478480225731075'], 'type': [b'get']}
6690478480225731075 is not existed
{'key': [b'xuke'], 'content': [b'6694502862149386755'], 'type': [b'get']}
6694502862149386755 is not existed
{'key': [b'xuke'], 'content': [b'6695579189988295172'], 'type': [b'get']}
6695579189988295172 is not existed
{'key': [b'xuke'], 'content': [b'6689585099660329483'], 'type': [b'get']}
6689585099660329483 is not existed
{'key': [b'xuke'], 'content': [b'6691812578022130190'], 'type': [b'get']}
6691812578022130190 is not existed
{'key': [b'xuke'], 'content': [b'6691911558651445773'], 'type': [b'get']}
6691911558651445773 is not existed
{'key': [b'xuke'], 'content': [b'6689264055783260686'], 'type': [b'get']}
6689264055783260686 is not existed
{'key': [b'xuke'], 'content': [b'6662922398733435150'], 'type': [b'get']}
6662922398733435150 is not existed
{'key': [b'xuke'], 'content': [b'6692606560989872388'], 'type': [b'get']}
6692606560989872388 is not existed
{'key': [b'xuke'], 'content': [b'6693300480619053579'], 'type': [b'get']}
6693300480619053579 is not existed
{'key': [b'xuke'], 'content': [b'6689387536025911819'], 'type': [b'get']}
6689387536025911819 is not existed
{'key': [b'xuke'], 'content': [b'6688964144202252811'], 'type': [b'get']}
6688964144202252811 is not existed
{'key': [b'xuke'], 'content': [b'6693447546422952456'], 'type': [b'get']}
6693447546422952456 is not existed
{'key': [b'xuke'], 'content': [b'6692614323472171524'], 'type': [b'get']}
6692614323472171524 is not existed
{'key': [b'xuke'], 'content': [b'6691071442152325644'], 'type': [b'get']}
6691071442152325644 is not existed
{'key': [b'xuke'], 'content': [b'6693289979243659784'], 'type': [b'get']}
6693289979243659784 is not existed
{'key': [b'xuke'], 'content': [b'6693790583971906052'], 'type': [b'get']}
6693790583971906052 is not existed
{'key': [b'xuke'], 'content': [b'6693372563927597582'], 'type': [b'get']}
6693372563927597582 is not existed
{'key': [b'xuke'], 'content': [b'6689015752286011912'], 'type': [b'get']}
6689015752286011912 is not existed
{'key': [b'xuke'], 'content': [b'6688933303216505351'], 'type': [b'get']}
6688933303216505351 is not existed
{'key': [b'xuke'], 'content': [b'6694133646577631499'], 'type': [b'get']}
6694133646577631499 is not existed
{'key': [b'xuke'], 'content': [b'6689664287213879821'], 'type': [b'get']}
6689664287213879821 is not existed
{'key': [b'xuke'], 'content': [b'6694834847824740877'], 'type': [b'get']}
6694834847824740877 is not existed
{'key': [b'xuke'], 'content': [b'6693049401440469512'], 'type': [b'get']}
6693049401440469512 is not existed
{'key': [b'xuke'], 'content': [b'6693746861531988484'], 'type': [b'get']}
6693746861531988484 is not existed
{'key': [b'xuke'], 'content': [b'6688909104217326088'], 'type': [b'get']}
6688909104217326088 is not existed
{'key': [b'xuke'], 'content': [b'6692055249064034819'], 'type': [b'get']}
6692055249064034819 is not existed
{'key': [b'xuke'], 'content': [b'6688937753301746187'], 'type': [b'get']}
6688937753301746187 is not existed
{'key': [b'xuke'], 'content': [b'6694207504018047236'], 'type': [b'get']}
6694207504018047236 is not existed
{'key': [b'xuke'], 'content': [b'6690313283070591499'], 'type': [b'get']}
6690313283070591499 is not existed
{'key': [b'xuke'], 'content': [b'6691501529502843404'], 'type': [b'get']}
6691501529502843404 is not existed
{'key': [b'xuke'], 'content': [b'6695902914809954823'], 'type': [b'get']}
6695902914809954823 is not existed
{'key': [b'xuke'], 'content': [b'6691141872250782220'], 'type': [b'get']}
6691141872250782220 is not existed
{'key': [b'xuke'], 'content': [b'6688902641658888707'], 'type': [b'get']}
6688902641658888707 is not existed
{'key': [b'xuke'], 'content': [b'6694064801015923208'], 'type': [b'get']}
6694064801015923208 is not existed
{'key': [b'xuke'], 'content': [b'6689413070818640388'], 'type': [b'get']}
6689413070818640388 is not existed
{'key': [b'xuke'], 'content': [b'6693873315984966147'], 'type': [b'get']}
6693873315984966147 is not existed
{'key': [b'xuke'], 'content': [b'6692219342249001479'], 'type': [b'get']}
6692219342249001479 is not existed
{'key': [b'xuke'], 'content': [b'6695220623720841740'], 'type': [b'get']}
6695220623720841740 is not existed
{'key': [b'xuke'], 'content': [b'6691559931948040707'], 'type': [b'get']}
6691559931948040707 is not existed
{'key': [b'xuke'], 'content': [b'6690479966435410445'], 'type': [b'get']}
6690479966435410445 is not existed
{'key': [b'xuke'], 'content': [b'6693310263686332931'], 'type': [b'get']}
6693310263686332931 is not existed
{'key': [b'xuke'], 'content': [b'6692954756698079747'], 'type': [b'get']}
6692954756698079747 is not existed
{'key': [b'xuke'], 'content': [b'6692982207729893635'], 'type': [b'get']}
6692982207729893635 is not existed
{'key': [b'xuke'], 'content': [b'6692351780023435788'], 'type': [b'get']}
6692351780023435788 is not existed
{'key': [b'xuke'], 'content': [b'6687895158026928648'], 'type': [b'get']}
6687895158026928648 is not existed
{'key': [b'xuke'], 'content': [b'6690401927328432653'], 'type': [b'get']}
6690401927328432653 is not existed
{'key': [b'xuke'], 'content': [b'6690780222754652685'], 'type': [b'get']}
6690780222754652685 is not existed
{'key': [b'xuke'], 'content': [b'6691911636015383048'], 'type': [b'get']}
6691911636015383048 is not existed
{'key': [b'xuke'], 'content': [b'6689330246635749896'], 'type': [b'get']}
6689330246635749896 is not existed
{'key': [b'xuke'], 'content': [b'6689693074307678734'], 'type': [b'get']}
6689693074307678734 is not existed
{'key': [b'xuke'], 'content': [b'6694138740589199885'], 'type': [b'get']}
6694138740589199885 is not existed
{'key': [b'xuke'], 'content': [b'6690411120873701636'], 'type': [b'get']}
6690411120873701636 is not existed
{'key': [b'xuke'], 'content': [b'6694749249722122508'], 'type': [b'get']}
6694749249722122508 is not existed
{'key': [b'xuke'], 'content': [b'6690492190436622604'], 'type': [b'get']}
6690492190436622604 is not existed
{'key': [b'xuke'], 'content': [b'6689313787033420300'], 'type': [b'get']}
6689313787033420300 is not existed
{'key': [b'xuke'], 'content': [b'6692231862720397571'], 'type': [b'get']}
6692231862720397571 is not existed
{'key': [b'xuke'], 'content': [b'6690054504831779332'], 'type': [b'get']}
6690054504831779332 is not existed
{'key': [b'xuke'], 'content': [b'6693765732724900359'], 'type': [b'get']}
6693765732724900359 is not existed
{'key': [b'xuke'], 'content': [b'6694512814788182535'], 'type': [b'get']}
6694512814788182535 is not existed
{'key': [b'xuke'], 'content': [b'6692315823572255246'], 'type': [b'get']}
6692315823572255246 is not existed
{'key': [b'xuke'], 'content': [b'6690559223798956552'], 'type': [b'get']}
6690559223798956552 is not existed
{'key': [b'xuke'], 'content': [b'6695950748582150664'], 'type': [b'get']}
6695950748582150664 is not existed
{'key': [b'xuke'], 'content': [b'6679998336851771908'], 'type': [b'get']}
6679998336851771908 is not existed
{'key': [b'xuke'], 'content': [b'6694097434873692676'], 'type': [b'get']}
6694097434873692676 is not existed
{'key': [b'xuke'], 'content': [b'6693834810646856206'], 'type': [b'get']}
6693834810646856206 is not existed
{'key': [b'xuke'], 'content': [b'6691470629406769672'], 'type': [b'get']}
6691470629406769672 is not existed
{'key': [b'xuke'], 'content': [b'6693631349091205646'], 'type': [b'get']}
6693631349091205646 is not existed
{'key': [b'xuke'], 'content': [b'6692397836312510989'], 'type': [b'get']}
6692397836312510989 is not existed
{'key': [b'xuke'], 'content': [b'6691054373071487499'], 'type': [b'get']}
6691054373071487499 is not existed
{'key': [b'xuke'], 'content': [b'6691124605668557319'], 'type': [b'get']}
6691124605668557319 is not existed
{'key': [b'xuke'], 'content': [b'6690777730180448776'], 'type': [b'get']}
6690777730180448776 is not existed
{'key': [b'xuke'], 'content': [b'6660649763890790668'], 'type': [b'get']}
6660649763890790668 is not existed
{'key': [b'xuke'], 'content': [b'6693742486768058888'], 'type': [b'get']}
6693742486768058888 is not existed
{'key': [b'xuke'], 'content': [b'6690781113972949508'], 'type': [b'get']}
6690781113972949508 is not existed
{'key': [b'xuke'], 'content': [b'6691958106563297540'], 'type': [b'get']}
6691958106563297540 is not existed
{'key': [b'xuke'], 'content': [b'6690569205995012616'], 'type': [b'get']}
6690569205995012616 is not existed
{'key': [b'xuke'], 'content': [b'6692947267210445315'], 'type': [b'get']}
6692947267210445315 is not existed
{'key': [b'xuke'], 'content': [b'6688600622368817671'], 'type': [b'get']}
6688600622368817671 is not existed
{'key': [b'xuke'], 'content': [b'6690113661526098189'], 'type': [b'get']}
6690113661526098189 is not existed
{'key': [b'xuke'], 'content': [b'6690873098968760835'], 'type': [b'get']}
6690873098968760835 is not existed
{'key': [b'xuke'], 'content': [b'6688946072280105483'], 'type': [b'get']}
6688946072280105483 is not existed
{'key': [b'xuke'], 'content': [b'6695965692379791875'], 'type': [b'get']}
6695965692379791875 is not existed
{'key': [b'xuke'], 'content': [b'6693519272242577932'], 'type': [b'get']}
6693519272242577932 is not existed
{'key': [b'xuke'], 'content': [b'6689058228875035140'], 'type': [b'get']}
6689058228875035140 is not existed
{'key': [b'xuke'], 'content': [b'6691150802683167240'], 'type': [b'get']}
6691150802683167240 is not existed
{'key': [b'xuke'], 'content': [b'6693349999901671692'], 'type': [b'get']}
6693349999901671692 is not existed
{'key': [b'xuke'], 'content': [b'6677895487925781004'], 'type': [b'get']}
6677895487925781004 is not existed
{'key': [b'xuke'], 'content': [b'6692210186276307468'], 'type': [b'get']}
6692210186276307468 is not existed
{'key': [b'xuke'], 'content': [b'6689688798269276680'], 'type': [b'get']}
6689688798269276680 is not existed
{'key': [b'xuke'], 'content': [b'6692162903002317323'], 'type': [b'get']}
6692162903002317323 is not existed
{'key': [b'xuke'], 'content': [b'6691532368378855688'], 'type': [b'get']}
6691532368378855688 is not existed
{'key': [b'xuke'], 'content': [b'6691874719601263115'], 'type': [b'get']}
6691874719601263115 is not existed
{'key': [b'xuke'], 'content': [b'6695605443059778055'], 'type': [b'get']}
6695605443059778055 is not existed
{'key': [b'xuke'], 'content': [b'6694959997098394120'], 'type': [b'get']}
6694959997098394120 is not existed
{'key': [b'xuke'], 'content': [b'6694150049108066824'], 'type': [b'get']}
6694150049108066824 is not existed
{'key': [b'xuke'], 'content': [b'6691254371725869576'], 'type': [b'get']}
6691254371725869576 is not existed
{'key': [b'xuke'], 'content': [b'6694439100524528141'], 'type': [b'get']}
6694439100524528141 is not existed
{'key': [b'xuke'], 'content': [b'6693774591631819277'], 'type': [b'get']}
6693774591631819277 is not existed
{'key': [b'xuke'], 'content': [b'6688852031525880324'], 'type': [b'get']}
6688852031525880324 is not existed
{'key': [b'xuke'], 'content': [b'6693442152002748940'], 'type': [b'get']}
6693442152002748940 is not existed
{'key': [b'xuke'], 'content': [b'6695518049899905540'], 'type': [b'get']}
6695518049899905540 is not existed
{'key': [b'xuke'], 'content': [b'6689321244484960776'], 'type': [b'get']}
6689321244484960776 is not existed
{'key': [b'xuke'], 'content': [b'6693434765518831875'], 'type': [b'get']}
6693434765518831875 is not existed
{'key': [b'xuke'], 'content': [b'6689035347071861261'], 'type': [b'get']}
6689035347071861261 is not existed
{'key': [b'xuke'], 'content': [b'6694413017095864844'], 'type': [b'get']}
6694413017095864844 is not existed
{'key': [b'xuke'], 'content': [b'6649630823303610628'], 'type': [b'get']}
6649630823303610628 is not existed
{'key': [b'xuke'], 'content': [b'6693294884473799176'], 'type': [b'get']}
6693294884473799176 is not existed
{'key': [b'xuke'], 'content': [b'6693023371300438535'], 'type': [b'get']}
6693023371300438535 is not existed
{'key': [b'xuke'], 'content': [b'6693732694771106318'], 'type': [b'get']}
6693732694771106318 is not existed
{'key': [b'xuke'], 'content': [b'6695921514505568775'], 'type': [b'get']}
6695921514505568775 is not existed
{'key': [b'xuke'], 'content': [b'6693413859002155534'], 'type': [b'get']}
6693413859002155534 is not existed
{'key': [b'xuke'], 'content': [b'6688867581668885004'], 'type': [b'get']}
6688867581668885004 is not existed
{'key': [b'xuke'], 'content': [b'6689410718917198343'], 'type': [b'get']}
6689410718917198343 is not existed
{'key': [b'xuke'], 'content': [b'6691096895802049031'], 'type': [b'get']}
6691096895802049031 is not existed
{'key': [b'xuke'], 'content': [b'6690302495840797197'], 'type': [b'get']}
6690302495840797197 is not existed
{'key': [b'xuke'], 'content': [b'6695881828466688519'], 'type': [b'get']}
6695881828466688519 is not existed
{'key': [b'xuke'], 'content': [b'6694225743276147207'], 'type': [b'get']}
6694225743276147207 is not existed
{'key': [b'xuke'], 'content': [b'6689188668298494475'], 'type': [b'get']}
6689188668298494475 is not existed
{'key': [b'xuke'], 'content': [b'6690324275519291918'], 'type': [b'get']}
6690324275519291918 is not existed
{'key': [b'xuke'], 'content': [b'6692642214188679687'], 'type': [b'get']}
6692642214188679687 is not existed
{'key': [b'xuke'], 'content': [b'6688176420180460039'], 'type': [b'get']}
6688176420180460039 is not existed
{'key': [b'xuke'], 'content': [b'6694096402470928908'], 'type': [b'get']}
6694096402470928908 is not existed
{'key': [b'xuke'], 'content': [b'6693773319197426188'], 'type': [b'get']}
6693773319197426188 is not existed
{'key': [b'xuke'], 'content': [b'6691234264291213831'], 'type': [b'get']}
6691234264291213831 is not existed
{'key': [b'xuke'], 'content': [b'6688914683811856910'], 'type': [b'get']}
6688914683811856910 is not existed
{'key': [b'xuke'], 'content': [b'6689234822541345294'], 'type': [b'get']}
6689234822541345294 is not existed
{'key': [b'xuke'], 'content': [b'6694318080220201486'], 'type': [b'get']}
6694318080220201486 is not existed
{'key': [b'xuke'], 'content': [b'6693352743051985420'], 'type': [b'get']}
6693352743051985420 is not existed
{'key': [b'xuke'], 'content': [b'6690677048232378887'], 'type': [b'get']}
6690677048232378887 is not existed
{'key': [b'xuke'], 'content': [b'6693810126589002243'], 'type': [b'get']}
6693810126589002243 is not existed
{'key': [b'xuke'], 'content': [b'6688850149256462606'], 'type': [b'get']}
6688850149256462606 is not existed
{'key': [b'xuke'], 'content': [b'6693041527393878532'], 'type': [b'get']}
6693041527393878532 is not existed
{'key': [b'xuke'], 'content': [b'6690022746987954699'], 'type': [b'get']}
6690022746987954699 is not existed
{'key': [b'xuke'], 'content': [b'6691976644338385420'], 'type': [b'get']}
6691976644338385420 is not existed
{'key': [b'xuke'], 'content': [b'6687955438232666376'], 'type': [b'get']}
6687955438232666376 is not existed
{'key': [b'xuke'], 'content': [b'6694387920742121991'], 'type': [b'get']}
6694387920742121991 is not existed
{'key': [b'xuke'], 'content': [b'6692951547157938691'], 'type': [b'get']}
6692951547157938691 is not existed
{'key': [b'xuke'], 'content': [b'6695269451798937870'], 'type': [b'get']}
6695269451798937870 is not existed
{'key': [b'xuke'], 'content': [b'6688684927384289547'], 'type': [b'get']}
6688684927384289547 is not existed
{'key': [b'xuke'], 'content': [b'6690777923038741006'], 'type': [b'get']}
6690777923038741006 is not existed
{'key': [b'xuke'], 'content': [b'6692660479543738894'], 'type': [b'get']}
6692660479543738894 is not existed
{'key': [b'xuke'], 'content': [b'6694023732236648963'], 'type': [b'get']}
6694023732236648963 is not existed
{'key': [b'xuke'], 'content': [b'6694596930925756935'], 'type': [b'get']}
6694596930925756935 is not existed
{'key': [b'xuke'], 'content': [b'6695326598876365320'], 'type': [b'get']}
6695326598876365320 is not existed
{'key': [b'xuke'], 'content': [b'6661500541643784707'], 'type': [b'get']}
6661500541643784707 is not existed
{'key': [b'xuke'], 'content': [b'6690663072496877827'], 'type': [b'get']}
6690663072496877827 is not existed
{'key': [b'xuke'], 'content': [b'6691043168118374923'], 'type': [b'get']}
6691043168118374923 is not existed
{'key': [b'xuke'], 'content': [b'6689183706164232712'], 'type': [b'get']}
6689183706164232712 is not existed
{'key': [b'xuke'], 'content': [b'6694818859662180878'], 'type': [b'get']}
6694818859662180878 is not existed
{'key': [b'xuke'], 'content': [b'6693393119834014215'], 'type': [b'get']}
6693393119834014215 is not existed
{'key': [b'xuke'], 'content': [b'6694584004504453635'], 'type': [b'get']}
6694584004504453635 is not existed
{'key': [b'xuke'], 'content': [b'6688970838789587464'], 'type': [b'get']}
6688970838789587464 is not existed
{'key': [b'xuke'], 'content': [b'6691509069406011911'], 'type': [b'get']}
6691509069406011911 is not existed
{'key': [b'xuke'], 'content': [b'6691637409962000910'], 'type': [b'get']}
6691637409962000910 is not existed
{'key': [b'xuke'], 'content': [b'6694286415125021192'], 'type': [b'get']}
6694286415125021192 is not existed
{'key': [b'xuke'], 'content': [b'6695531170743976456'], 'type': [b'get']}
6695531170743976456 is not existed
{'key': [b'xuke'], 'content': [b'6695939176057012743'], 'type': [b'get']}
6695939176057012743 is not existed
{'key': [b'xuke'], 'content': [b'6689183706164232712'], 'type': [b'set']}
{'key': [b'xuke'], 'content': [b'6694818859662180878'], 'type': [b'set']}
{'key': [b'xuke'], 'content': [b'6693393119834014215'], 'type': [b'set']}
{'key': [b'xuke'], 'content': [b'6694584004504453635'], 'type': [b'set']}
{'key': [b'xuke'], 'content': [b'6688970838789587464'], 'type': [b'set']}
{'key': [b'xuke'], 'content': [b'6689217620941472263'], 'type': [b'get']}
6689217620941472263 is not existed
{'key': [b'xuke'], 'content': [b'6693712330959618568'], 'type': [b'get']}
6693712330959618568 is not existed
{'key': [b'xuke'], 'content': [b'6690056351143428619'], 'type': [b'get']}
6690056351143428619 is not existed
{'key': [b'xuke'], 'content': [b'6692705442369372675'], 'type': [b'get']}
6692705442369372675 is not existed
{'key': [b'xuke'], 'content': [b'6693990687605522695'], 'type': [b'get']}
6693990687605522695 is not existed
{'key': [b'xuke'], 'content': [b'6689294595144024584'], 'type': [b'get']}
6689294595144024584 is not existed
{'key': [b'xuke'], 'content': [b'6694033649232249096'], 'type': [b'get']}
6694033649232249096 is not existed
{'key': [b'xuke'], 'content': [b'6694238370085732868'], 'type': [b'get']}
6694238370085732868 is not existed
{'key': [b'xuke'], 'content': [b'6687828477447504141'], 'type': [b'get']}
6687828477447504141 is not existed
{'key': [b'xuke'], 'content': [b'6694993714193891847'], 'type': [b'get']}
6694993714193891847 is not existed
{'key': [b'xuke'], 'content': [b'6693159176597668366'], 'type': [b'get']}
6693159176597668366 is not existed
{'key': [b'xuke'], 'content': [b'6688936779912839683'], 'type': [b'get']}
6688936779912839683 is not existed
{'key': [b'xuke'], 'content': [b'6694103207242629646'], 'type': [b'get']}
6694103207242629646 is not existed
{'key': [b'xuke'], 'content': [b'6663033256834761228'], 'type': [b'get']}
6663033256834761228 is not existed
{'key': [b'xuke'], 'content': [b'6689387536025911819'], 'type': [b'get']}
6689387536025911819 is not existed
{'key': [b'xuke'], 'content': [b'6692948200162066957'], 'type': [b'get']}
6692948200162066957 is not existed
{'key': [b'xuke'], 'content': [b'6688939746430812429'], 'type': [b'get']}
6688939746430812429 is not existed
{'key': [b'xuke'], 'content': [b'6689535773168894475'], 'type': [b'get']}
6689535773168894475 is not existed
{'key': [b'xuke'], 'content': [b'6691550656961970691'], 'type': [b'get']}
6691550656961970691 is not existed
{'key': [b'xuke'], 'content': [b'6691534517825438215'], 'type': [b'get']}
6691534517825438215 is not existed
{'key': [b'xuke'], 'content': [b'6692954057406939655'], 'type': [b'get']}
6692954057406939655 is not existed
{'key': [b'xuke'], 'content': [b'6689657043915112968'], 'type': [b'get']}
6689657043915112968 is not existed
{'key': [b'xuke'], 'content': [b'6692702417701569035'], 'type': [b'get']}
6692702417701569035 is not existed
{'key': [b'xuke'], 'content': [b'6692022017954152974'], 'type': [b'get']}
6692022017954152974 is not existed
{'key': [b'xuke'], 'content': [b'6687856085165933064'], 'type': [b'get']}
6687856085165933064 is not existed
{'key': [b'xuke'], 'content': [b'6692026062987067908'], 'type': [b'get']}
6692026062987067908 is not existed
{'key': [b'xuke'], 'content': [b'6693322893561954819'], 'type': [b'get']}
6693322893561954819 is not existed
{'key': [b'xuke'], 'content': [b'6689957815278109191'], 'type': [b'get']}
6689957815278109191 is not existed
{'key': [b'xuke'], 'content': [b'1633011579635715'], 'type': [b'get']}
1633011579635715 is not existed
{'key': [b'xuke'], 'content': [b'6691511505885594125'], 'type': [b'get']}
6691511505885594125 is not existed
{'key': [b'xuke'], 'content': [b'6695915360366887436'], 'type': [b'get']}
6695915360366887436 is not existed
{'key': [b'xuke'], 'content': [b'6689973979848901134'], 'type': [b'get']}
6689973979848901134 is not existed
{'key': [b'xuke'], 'content': [b'6695485546656956931'], 'type': [b'get']}
6695485546656956931 is not existed
{'key': [b'xuke'], 'content': [b'6689619861418541582'], 'type': [b'get']}
6689619861418541582 is not existed
{'key': [b'xuke'], 'content': [b'6692175653485150734'], 'type': [b'get']}
6692175653485150734 is not existed
{'key': [b'xuke'], 'content': [b'6695567835927675404'], 'type': [b'get']}
6695567835927675404 is not existed
{'key': [b'xuke'], 'content': [b'6695907941922374147'], 'type': [b'get']}
6695907941922374147 is not existed
{'key': [b'xuke'], 'content': [b'6693703732720304652'], 'type': [b'get']}
6693703732720304652 is not existed
{'key': [b'xuke'], 'content': [b'6690454458293289479'], 'type': [b'get']}
6690454458293289479 is not existed
{'key': [b'xuke'], 'content': [b'6691049667695739406'], 'type': [b'get']}
6691049667695739406 is not existed
{'key': [b'xuke'], 'content': [b'6692753511651737867'], 'type': [b'get']}
6692753511651737867 is not existed
{'key': [b'xuke'], 'content': [b'6690795053624853006'], 'type': [b'get']}
6690795053624853006 is not existed
{'key': [b'xuke'], 'content': [b'6692613775540879883'], 'type': [b'get']}
6692613775540879883 is not existed
{'key': [b'xuke'], 'content': [b'6693804517378490887'], 'type': [b'get']}
6693804517378490887 is not existed
{'key': [b'xuke'], 'content': [b'6690844761600819719'], 'type': [b'get']}
6690844761600819719 is not existed
{'key': [b'xuke'], 'content': [b'6695555025558569485'], 'type': [b'get']}
6695555025558569485 is not existed
{'key': [b'xuke'], 'content': [b'6682989881603392013'], 'type': [b'get']}
6682989881603392013 is not existed
{'key': [b'xuke'], 'content': [b'6692282850634367240'], 'type': [b'get']}
6692282850634367240 is not existed
{'key': [b'xuke'], 'content': [b'6690700104606679563'], 'type': [b'get']}
6690700104606679563 is not existed
{'key': [b'xuke'], 'content': [b'6693041817409028612'], 'type': [b'get']}
6693041817409028612 is not existed
{'key': [b'xuke'], 'content': [b'6689217620941472263'], 'type': [b'set']}
{'key': [b'xuke'], 'content': [b'6693712330959618568'], 'type': [b'set']}
{'key': [b'xuke'], 'content': [b'6690056351143428619'], 'type': [b'set']}
{'key': [b'xuke'], 'content': [b'6692705442369372675'], 'type': [b'set']}
{'key': [b'xuke'], 'content': [b'6693990687605522695'], 'type': [b'set']}
{'key': [b'xuke'], 'content': [b'6689217620941472263'], 'type': [b'get']}
6689217620941472263 is existed
{'key': [b'xuke'], 'content': [b'6693712330959618568'], 'type': [b'get']}
6693712330959618568 is existed
{'key': [b'xuke'], 'content': [b'6690056351143428619'], 'type': [b'get']}
6690056351143428619 is existed
{'key': [b'xuke'], 'content': [b'6692705442369372675'], 'type': [b'get']}
6692705442369372675 is existed
{'key': [b'xuke'], 'content': [b'6693990687605522695'], 'type': [b'get']}
6693990687605522695 is existed
{'key': [b'xuke'], 'content': [b'6689294595144024584'], 'type': [b'get']}
6689294595144024584 is not existed
{'key': [b'xuke'], 'content': [b'6694033649232249096'], 'type': [b'get']}
6694033649232249096 is not existed
{'key': [b'xuke'], 'content': [b'6694238370085732868'], 'type': [b'get']}
6694238370085732868 is not existed
{'key': [b'xuke'], 'content': [b'6687828477447504141'], 'type': [b'get']}
6687828477447504141 is not existed
{'key': [b'xuke'], 'content': [b'6694993714193891847'], 'type': [b'get']}
6694993714193891847 is not existed
{'key': [b'xuke'], 'content': [b'6693159176597668366'], 'type': [b'get']}
6693159176597668366 is not existed
{'key': [b'xuke'], 'content': [b'6688936779912839683'], 'type': [b'get']}
6688936779912839683 is not existed
{'key': [b'xuke'], 'content': [b'6694103207242629646'], 'type': [b'get']}
6694103207242629646 is not existed
{'key': [b'xuke'], 'content': [b'6663033256834761228'], 'type': [b'get']}
6663033256834761228 is not existed
{'key': [b'xuke'], 'content': [b'6689387536025911819'], 'type': [b'get']}
6689387536025911819 is not existed
{'key': [b'xuke'], 'content': [b'6692948200162066957'], 'type': [b'get']}
6692948200162066957 is not existed
{'key': [b'xuke'], 'content': [b'6688939746430812429'], 'type': [b'get']}
6688939746430812429 is not existed
{'key': [b'xuke'], 'content': [b'6689535773168894475'], 'type': [b'get']}
6689535773168894475 is not existed
{'key': [b'xuke'], 'content': [b'6691550656961970691'], 'type': [b'get']}
6691550656961970691 is not existed
{'key': [b'xuke'], 'content': [b'6691534517825438215'], 'type': [b'get']}
6691534517825438215 is not existed
{'key': [b'xuke'], 'content': [b'6692954057406939655'], 'type': [b'get']}
6692954057406939655 is not existed
{'key': [b'xuke'], 'content': [b'6689657043915112968'], 'type': [b'get']}
6689657043915112968 is not existed
{'key': [b'xuke'], 'content': [b'6692702417701569035'], 'type': [b'get']}
6692702417701569035 is not existed
{'key': [b'xuke'], 'content': [b'6692022017954152974'], 'type': [b'get']}
6692022017954152974 is not existed
{'key': [b'xuke'], 'content': [b'6687856085165933064'], 'type': [b'get']}
6687856085165933064 is not existed
{'key': [b'xuke'], 'content': [b'6692026062987067908'], 'type': [b'get']}
6692026062987067908 is not existed
{'key': [b'xuke'], 'content': [b'6693322893561954819'], 'type': [b'get']}
6693322893561954819 is not existed
{'key': [b'xuke'], 'content': [b'6689957815278109191'], 'type': [b'get']}
6689957815278109191 is not existed
{'key': [b'xuke'], 'content': [b'1633011579635715'], 'type': [b'get']}
1633011579635715 is not existed
{'key': [b'xuke'], 'content': [b'6691511505885594125'], 'type': [b'get']}
6691511505885594125 is not existed
{'key': [b'xuke'], 'content': [b'6695915360366887436'], 'type': [b'get']}
6695915360366887436 is not existed
{'key': [b'xuke'], 'content': [b'6689973979848901134'], 'type': [b'get']}
6689973979848901134 is not existed
{'key': [b'xuke'], 'content': [b'6695485546656956931'], 'type': [b'get']}
6695485546656956931 is not existed
{'key': [b'xuke'], 'content': [b'6689619861418541582'], 'type': [b'get']}
6689619861418541582 is not existed
{'key': [b'xuke'], 'content': [b'6692175653485150734'], 'type': [b'get']}
6692175653485150734 is not existed
{'key': [b'xuke'], 'content': [b'6695567835927675404'], 'type': [b'get']}
6695567835927675404 is not existed
{'key': [b'xuke'], 'content': [b'6695907941922374147'], 'type': [b'get']}
6695907941922374147 is not existed
{'key': [b'xuke'], 'content': [b'6693703732720304652'], 'type': [b'get']}
6693703732720304652 is not existed
{'key': [b'xuke'], 'content': [b'6690454458293289479'], 'type': [b'get']}
6690454458293289479 is not existed
{'key': [b'xuke'], 'content': [b'6691049667695739406'], 'type': [b'get']}
6691049667695739406 is not existed
{'key': [b'xuke'], 'content': [b'6685147605279719688'], 'type': [b'get']}
6685147605279719688 is not existed
{'key': [b'xuke'], 'content': [b'6690345999988163075'], 'type': [b'get']}
6690345999988163075 is not existed
{'key': [b'xuke'], 'content': [b'6691443204606132739'], 'type': [b'get']}
6691443204606132739 is not existed
{'key': [b'xuke'], 'content': [b'6692901058382921997'], 'type': [b'get']}
6692901058382921997 is not existed
{'key': [b'xuke'], 'content': [b'6694623764895760900'], 'type': [b'get']}
6694623764895760900 is not existed
{'key': [b'xuke'], 'content': [b'6691978590310891790'], 'type': [b'get']}
6691978590310891790 is not existed
{'key': [b'xuke'], 'content': [b'6689699558940738061'], 'type': [b'get']}
6689699558940738061 is not existed
{'key': [b'xuke'], 'content': [b'6690353039032713741'], 'type': [b'get']}
6690353039032713741 is not existed
{'key': [b'xuke'], 'content': [b'6692354658691711501'], 'type': [b'get']}
6692354658691711501 is not existed
{'key': [b'xuke'], 'content': [b'6693335794599330315'], 'type': [b'get']}
6693335794599330315 is not existed
{'key': [b'xuke'], 'content': [b'6689294595144024584'], 'type': [b'set']}
{'key': [b'xuke'], 'content': [b'6694033649232249096'], 'type': [b'set']}
{'key': [b'xuke'], 'content': [b'6694238370085732868'], 'type': [b'set']}
{'key': [b'xuke'], 'content': [b'6687828477447504141'], 'type': [b'set']}
{'key': [b'xuke'], 'content': [b'6694993714193891847'], 'type': [b'set']}
{'key': [b'xuke'], 'content': [b'6693712330959618568'], 'type': [b'get']}
6693712330959618568 is existed
{'key': [b'xuke'], 'content': [b'6690056351143428619'], 'type': [b'get']}
6690056351143428619 is existed
{'key': [b'xuke'], 'content': [b'6694993714193891847'], 'type': [b'get']}
6694993714193891847 is existed
{'key': [b'xuke'], 'content': [b'6687828477447504141'], 'type': [b'get']}
6687828477447504141 is existed
{'key': [b'xuke'], 'content': [b'6694993714193891847'], 'type': [b'get']}
6694993714193891847 is existed
{'key': [b'xuke'], 'content': [b'6693159176597668366'], 'type': [b'get']}
6693159176597668366 is not existed
{'key': [b'xuke'], 'content': [b'6692285885343334663'], 'type': [b'get']}
6692285885343334663 is not existed
{'key': [b'xuke'], 'content': [b'6692702417701569035'], 'type': [b'get']}
6692702417701569035 is not existed
{'key': [b'xuke'], 'content': [b'6690173611770118664'], 'type': [b'get']}
6690173611770118664 is not existed
{'key': [b'xuke'], 'content': [b'6694519796546929164'], 'type': [b'get']}
6694519796546929164 is not existed
{'key': [b'xuke'], 'content': [b'1633011579635715'], 'type': [b'get']}
1633011579635715 is not existed
{'key': [b'xuke'], 'content': [b'6691511505885594125'], 'type': [b'get']}
6691511505885594125 is not existed
{'key': [b'xuke'], 'content': [b'6695915360366887436'], 'type': [b'get']}
6695915360366887436 is not existed
{'key': [b'xuke'], 'content': [b'6689973979848901134'], 'type': [b'get']}
6689973979848901134 is not existed
{'key': [b'xuke'], 'content': [b'6690746699343725069'], 'type': [b'get']}
6690746699343725069 is not existed
{'key': [b'xuke'], 'content': [b'6693708160647037453'], 'type': [b'get']}
6693708160647037453 is not existed
{'key': [b'xuke'], 'content': [b'6693313204497416712'], 'type': [b'get']}
6693313204497416712 is not existed
{'key': [b'xuke'], 'content': [b'6694934394240500231'], 'type': [b'get']}
6694934394240500231 is not existed
{'key': [b'xuke'], 'content': [b'6688919927602020871'], 'type': [b'get']}
6688919927602020871 is not existed
{'key': [b'xuke'], 'content': [b'6689266475418518028'], 'type': [b'get']}
6689266475418518028 is not existed
{'key': [b'xuke'], 'content': [b'6688960713760702987'], 'type': [b'get']}
6688960713760702987 is not existed
{'key': [b'xuke'], 'content': [b'6694397439945736711'], 'type': [b'get']}
6694397439945736711 is not existed
{'key': [b'xuke'], 'content': [b'6691441404926755331'], 'type': [b'get']}
6691441404926755331 is not existed
{'key': [b'xuke'], 'content': [b'6688905975216210436'], 'type': [b'get']}
6688905975216210436 is not existed
{'key': [b'xuke'], 'content': [b'6694401577685352971'], 'type': [b'get']}
6694401577685352971 is not existed
{'key': [b'xuke'], 'content': [b'6689397509996937740'], 'type': [b'get']}
6689397509996937740 is not existed
{'key': [b'xuke'], 'content': [b'6690887652599661064'], 'type': [b'get']}
6690887652599661064 is not existed
{'key': [b'xuke'], 'content': [b'6682971722259366414'], 'type': [b'get']}
6682971722259366414 is not existed
{'key': [b'xuke'], 'content': [b'6694902734467891715'], 'type': [b'get']}
6694902734467891715 is not existed
{'key': [b'xuke'], 'content': [b'6694421582393115139'], 'type': [b'get']}
6694421582393115139 is not existed
{'key': [b'xuke'], 'content': [b'6693159176597668366'], 'type': [b'set']}
{'key': [b'xuke'], 'content': [b'6692285885343334663'], 'type': [b'set']}
{'key': [b'xuke'], 'content': [b'6692702417701569035'], 'type': [b'set']}
{'key': [b'xuke'], 'content': [b'6690173611770118664'], 'type': [b'set']}
{'key': [b'xuke'], 'content': [b'6694519796546929164'], 'type': [b'set']}
{'key': [b'xuke'], 'content': [b'6693712330959618568'], 'type': [b'get']}
6693712330959618568 is existed
{'key': [b'xuke'], 'content': [b'6690056351143428619'], 'type': [b'get']}
6690056351143428619 is existed
{'key': [b'xuke'], 'content': [b'6694993714193891847'], 'type': [b'get']}
6694993714193891847 is existed
{'key': [b'xuke'], 'content': [b'6687828477447504141'], 'type': [b'get']}
6687828477447504141 is existed
{'key': [b'xuke'], 'content': [b'6694993714193891847'], 'type': [b'get']}
6694993714193891847 is existed
{'key': [b'xuke'], 'content': [b'6693159176597668366'], 'type': [b'get']}
6693159176597668366 is existed
{'key': [b'xuke'], 'content': [b'6692285885343334663'], 'type': [b'get']}
6692285885343334663 is existed
{'key': [b'xuke'], 'content': [b'6692702417701569035'], 'type': [b'get']}
6692702417701569035 is existed
{'key': [b'xuke'], 'content': [b'6690173611770118664'], 'type': [b'get']}
6690173611770118664 is existed
{'key': [b'xuke'], 'content': [b'6694519796546929164'], 'type': [b'get']}
6694519796546929164 is existed
{'key': [b'xuke'], 'content': [b'1633011579635715'], 'type': [b'get']}
1633011579635715 is not existed
{'key': [b'xuke'], 'content': [b'6691511505885594125'], 'type': [b'get']}
6691511505885594125 is not existed
{'key': [b'xuke'], 'content': [b'6695915360366887436'], 'type': [b'get']}
6695915360366887436 is not existed
{'key': [b'xuke'], 'content': [b'6689973979848901134'], 'type': [b'get']}
6689973979848901134 is not existed
{'key': [b'xuke'], 'content': [b'6690746699343725069'], 'type': [b'get']}
6690746699343725069 is not existed
{'key': [b'xuke'], 'content': [b'6693708160647037453'], 'type': [b'get']}
6693708160647037453 is not existed
{'key': [b'xuke'], 'content': [b'6693313204497416712'], 'type': [b'get']}
6693313204497416712 is not existed
{'key': [b'xuke'], 'content': [b'6694934394240500231'], 'type': [b'get']}
6694934394240500231 is not existed
{'key': [b'xuke'], 'content': [b'6688919927602020871'], 'type': [b'get']}
6688919927602020871 is not existed
{'key': [b'xuke'], 'content': [b'6689266475418518028'], 'type': [b'get']}
6689266475418518028 is not existed
{'key': [b'xuke'], 'content': [b'6690755365245551117'], 'type': [b'get']}
6690755365245551117 is not existed
{'key': [b'xuke'], 'content': [b'6693089018025869831'], 'type': [b'get']}
6693089018025869831 is not existed
{'key': [b'xuke'], 'content': [b'6690022202412106251'], 'type': [b'get']}
6690022202412106251 is not existed
{'key': [b'xuke'], 'content': [b'6694614373651972611'], 'type': [b'get']}
6694614373651972611 is not existed
{'key': [b'xuke'], 'content': [b'6693360683129504259'], 'type': [b'get']}
6693360683129504259 is not existed
{'key': [b'xuke'], 'content': [b'6688898335660573188'], 'type': [b'get']}
6688898335660573188 is not existed
{'key': [b'xuke'], 'content': [b'6692914100382466567'], 'type': [b'get']}
6692914100382466567 is not existed
{'key': [b'xuke'], 'content': [b'6693090284915393036'], 'type': [b'get']}
6693090284915393036 is not existed
{'key': [b'xuke'], 'content': [b'6690450799207645703'], 'type': [b'get']}
6690450799207645703 is not existed
{'key': [b'xuke'], 'content': [b'6693816487355875848'], 'type': [b'get']}
6693816487355875848 is not existed
{'key': [b'xuke'], 'content': [b'1633011579635715'], 'type': [b'set']}
{'key': [b'xuke'], 'content': [b'6691511505885594125'], 'type': [b'set']}
{'key': [b'xuke'], 'content': [b'6695915360366887436'], 'type': [b'set']}
{'key': [b'xuke'], 'content': [b'6689973979848901134'], 'type': [b'set']}
{'key': [b'xuke'], 'content': [b'6690746699343725069'], 'type': [b'set']}
{'key': [b'xuke'], 'content': [b'6689305861279449614'], 'type': [b'get']}
6689305861279449614 is not existed
{'key': [b'xuke'], 'content': [b'6695644867445391884'], 'type': [b'get']}
6695644867445391884 is not existed
{'key': [b'xuke'], 'content': [b'6690310439768687117'], 'type': [b'get']}
6690310439768687117 is not existed
{'key': [b'xuke'], 'content': [b'6694100963306766862'], 'type': [b'get']}
6694100963306766862 is not existed
{'key': [b'xuke'], 'content': [b'6692983350539321870'], 'type': [b'get']}
6692983350539321870 is not existed
{'key': [b'xuke'], 'content': [b'6693005489904550414'], 'type': [b'get']}
6693005489904550414 is not existed
{'key': [b'xuke'], 'content': [b'6694900975515206157'], 'type': [b'get']}
6694900975515206157 is not existed
{'key': [b'xuke'], 'content': [b'6689314466686829070'], 'type': [b'get']}
6689314466686829070 is not existed
{'key': [b'xuke'], 'content': [b'6690820798707401229'], 'type': [b'get']}
6690820798707401229 is not existed
{'key': [b'xuke'], 'content': [b'6691957735711310349'], 'type': [b'get']}
6691957735711310349 is not existed
{'key': [b'xuke'], 'content': [b'6694060645395989003'], 'type': [b'get']}
6694060645395989003 is not existed
{'key': [b'xuke'], 'content': [b'6694993714193891847'], 'type': [b'get']}
6694993714193891847 is existed
{'key': [b'xuke'], 'content': [b'6692234343709934091'], 'type': [b'get']}
6692234343709934091 is not existed
{'key': [b'xuke'], 'content': [b'6693764210981077518'], 'type': [b'get']}
6693764210981077518 is not existed
{'key': [b'xuke'], 'content': [b'6693815194159677960'], 'type': [b'get']}
6693815194159677960 is not existed
{'key': [b'xuke'], 'content': [b'6695536034404368909'], 'type': [b'get']}
6695536034404368909 is not existed
{'key': [b'xuke'], 'content': [b'6680093744995238411'], 'type': [b'get']}
6680093744995238411 is not existed
{'key': [b'xuke'], 'content': [b'6693743751975666188'], 'type': [b'get']}
6693743751975666188 is not existed
{'key': [b'xuke'], 'content': [b'6694526028766773768'], 'type': [b'get']}
6694526028766773768 is not existed
{'key': [b'xuke'], 'content': [b'6695513249305068040'], 'type': [b'get']}
6695513249305068040 is not existed
{'key': [b'xuke'], 'content': [b'6690030604307661320'], 'type': [b'get']}
6690030604307661320 is not existed
{'key': [b'xuke'], 'content': [b'6688866144931070215'], 'type': [b'get']}
6688866144931070215 is not existed
{'key': [b'xuke'], 'content': [b'6695622337108115975'], 'type': [b'get']}
6695622337108115975 is not existed
{'key': [b'xuke'], 'content': [b'6692285885343334663'], 'type': [b'get']}
6692285885343334663 is existed
{'key': [b'xuke'], 'content': [b'6690173611770118664'], 'type': [b'get']}
6690173611770118664 is existed
{'key': [b'xuke'], 'content': [b'6694519796546929164'], 'type': [b'get']}
6694519796546929164 is existed
{'key': [b'xuke'], 'content': [b'6691526992795271692'], 'type': [b'get']}
6691526992795271692 is not existed
{'key': [b'xuke'], 'content': [b'6693856879304507915'], 'type': [b'get']}
6693856879304507915 is not existed
{'key': [b'xuke'], 'content': [b'6693355039517311491'], 'type': [b'get']}
6693355039517311491 is not existed
{'key': [b'xuke'], 'content': [b'6692189412815536397'], 'type': [b'get']}
6692189412815536397 is not existed
{'key': [b'xuke'], 'content': [b'6689947985536614926'], 'type': [b'get']}
6689947985536614926 is not existed
{'key': [b'xuke'], 'content': [b'6690746699343725069'], 'type': [b'get']}
6690746699343725069 is existed
{'key': [b'xuke'], 'content': [b'6695115417737757191'], 'type': [b'get']}
6695115417737757191 is not existed
{'key': [b'xuke'], 'content': [b'6691241537751220744'], 'type': [b'get']}
6691241537751220744 is not existed
{'key': [b'xuke'], 'content': [b'6689073801117827592'], 'type': [b'get']}
6689073801117827592 is not existed
{'key': [b'xuke'], 'content': [b'6690842065439293959'], 'type': [b'get']}
6690842065439293959 is not existed
{'key': [b'xuke'], 'content': [b'6693538331780710664'], 'type': [b'get']}
6693538331780710664 is not existed
